    64.5ms (setup:755): 2025-09-29 09:23:32
    64.7ms (setup:756): /usr/bin/pipx install jupyterlab
    64.7ms (setup:757): pipx version is 1.1.0
    64.7ms (setup:758): Default python interpreter is '/usr/bin/python3'
    65.1ms (package_name_from_spec:323): Determined package name: jupyterlab
    65.2ms (package_name_from_spec:324): Package name determined in 0.0s
    65.6ms (run_subprocess:173): running /usr/bin/python3 -m venv --without-pip /home/cantez93800/.local/pipx/venvs/jupyterlab
    94.3ms (run_subprocess:186): stdout:
    94.4ms (run_subprocess:188): stderr:
    94.4ms (run_subprocess:189): returncode: 0
    94.9ms (run_subprocess:173): running /usr/bin/python3 -m venv --clear /home/cantez93800/.local/pipx/shared
  2268.1ms (run_subprocess:186): stdout:
  2268.2ms (run_subprocess:188): stderr:
  2268.2ms (run_subprocess:189): returncode: 0
  2268.4ms (upgrade:91): Upgrading shared libraries in /home/cantez93800/.local/pipx/shared
  2268.8ms (run_subprocess:173): running /home/cantez93800/.local/pipx/shared/bin/python -m pip --disable-pip-version-check install --force-reinstall -q --upgrade pip setuptools wheel
  4842.1ms (run_subprocess:186): stdout:
  4842.2ms (run_subprocess:188): stderr:
  4842.3ms (run_subprocess:189): returncode: 0
  4842.5ms (run_subprocess:173): running /home/cantez93800/.local/pipx/venvs/jupyterlab/bin/python -c import sysconfig; print(sysconfig.get_path('purelib'))
  4851.6ms (run_subprocess:186): stdout: /home/cantez93800/.local/pipx/venvs/jupyterlab/lib/python3.11/site-packages
  4851.7ms (run_subprocess:189): returncode: 0
  4851.9ms (run_subprocess:173): running /home/cantez93800/.local/pipx/shared/bin/python -c import sysconfig; print(sysconfig.get_path('purelib'))
  4859.8ms (run_subprocess:186): stdout: /home/cantez93800/.local/pipx/shared/lib/python3.11/site-packages
  4859.9ms (run_subprocess:189): returncode: 0
  4860.1ms (run_subprocess:173): running /home/cantez93800/.local/pipx/venvs/jupyterlab/bin/python --version
  4861.1ms (run_subprocess:186): stdout: Python 3.11.2
  4861.1ms (run_subprocess:188): stderr:
  4861.1ms (run_subprocess:189): returncode: 0
  4861.3ms (_parsed_package_to_package_or_url:128): cleaned package spec: jupyterlab
  4861.5ms (run_subprocess:173): running /home/cantez93800/.local/pipx/venvs/jupyterlab/bin/python -m pip install jupyterlab
 17752.3ms (run_subprocess:189): returncode: 0
 17752.6ms (run_subprocess:173): running <fetch_info_in_venv commands>
 17774.1ms (run_subprocess:186): stdout: {"sys_path": ["/usr/lib/python311.zip", "/usr/lib/python3.11", "/usr/lib/python3.11/lib-dynload", "/home/cantez93800/.local/pipx/venvs/jupyterlab/lib/python3.11/site-packages", "/home/cantez93800/.local/pipx/shared/lib/python3.11/site-packages"], "python_version": "3.11.2", "environment": {"implementation_name": "cpython", "implementation_version": "3.11.2", "os_name": "posix", "platform_machine": "x86_64", "platform_release": "6.6.88-08507-gc5e3cc23fa55", "platform_system": "Linux", "platform_version": "#1 SMP PREEMPT_DYNAMIC Fri, 1 Aug 2025 01:52:13 -0700", "python_full_version": "3.11.2", "platform_python_implementation": "CPython", "python_version": "3.11", "sys_platform": "linux"}}
 17774.2ms (run_subprocess:189): returncode: 0
 18645.3ms (get_venv_metadata_for_package:303): get_venv_metadata_for_package: 893ms
 18645.4ms (_parsed_package_to_package_or_url:128): cleaned package spec: jupyterlab
 18647.2ms (warn_if_not_on_path:410): ⚠️  Note: '/home/cantez93800/.local/bin' is not on your PATH environment variable. These apps will not be globally accessible until your PATH is updated. Run `pipx ensurepath` to automatically add it, or
    manually modify your PATH in your shell's config file (i.e. ~/.bashrc).
 18647.3ms (cli:830): pipx finished.
