[Sat Sep 27 18:40:32 2025] running mktexlsr
[Sat Sep 27 18:40:32 2025] success, output:

--end of output of mktexlsr.

[Sat Sep 27 18:40:32 2025] running updmap-sys
[Sat Sep 27 18:40:32 2025] success, output:
updmap will read the following updmap.cfg files (in precedence order):
  /home/cantez93800/.TinyTeX/texmf-dist/web2c/updmap.cfg
updmap may write changes to the following updmap.cfg file:
  /home/cantez93800/.TinyTeX/texmf-config/web2c/updmap.cfg
dvips output dir: "/home/cantez93800/.TinyTeX/texmf-var/fonts/map/dvips/updmap"
pdftex output dir: "/home/cantez93800/.TinyTeX/texmf-var/fonts/map/pdftex/updmap"
dvipdfmx output dir: "/home/cantez93800/.TinyTeX/texmf-var/fonts/map/dvipdfmx/updmap"

updmap is creating new map files
using the following configuration:
  LW35 font names                  : URWkb (/home/cantez93800/.TinyTeX/texmf-dist/web2c/updmap.cfg)
  prefer outlines                  : true (/home/cantez93800/.TinyTeX/texmf-dist/web2c/updmap.cfg)
  texhash enabled                  : true
  download standard fonts (dvips)  : true (/home/cantez93800/.TinyTeX/texmf-dist/web2c/updmap.cfg)
  download standard fonts (pdftex) : true (/home/cantez93800/.TinyTeX/texmf-dist/web2c/updmap.cfg)
  jaEmbed replacement string       : haranoaji (/home/cantez93800/.TinyTeX/texmf-dist/web2c/updmap.cfg)
  jaVariant replacement string     : -04 (/home/cantez93800/.TinyTeX/texmf-dist/web2c/updmap.cfg)
  scEmbed replacement string       : arphic (/home/cantez93800/.TinyTeX/texmf-dist/web2c/updmap.cfg)
  tcEmbed replacement string       : arphic (/home/cantez93800/.TinyTeX/texmf-dist/web2c/updmap.cfg)
  koEmbed replacement string       : baekmuk (/home/cantez93800/.TinyTeX/texmf-dist/web2c/updmap.cfg)
  create a mapfile for pxdvi       : false (default)

Scanning for LW35 support files  [  3 files]
Scanning for MixedMap entries    [  7 files]
Scanning for KanjiMap entries    [  0 files]
Scanning for Map entries         [ 13 files]

Generating output for dvipdfmx...
Generating output for ps2pk...
Generating output for dvips...
Generating output for pdftex...

Files generated:
  /home/cantez93800/.TinyTeX/texmf-var/fonts/map/dvips/updmap:
       15802 2025-09-27 18:40:32 builtin35.map
       21275 2025-09-27 18:40:32 download35.map
       86761 2025-09-27 18:40:32 psfonts_pk.map
       92927 2025-09-27 18:40:32 psfonts_t1.map
       92922 2025-09-27 18:40:32 ps2pk.map
       92927 2025-09-27 18:40:32 psfonts.map = psfonts_t1.map
  /home/cantez93800/.TinyTeX/texmf-var/fonts/map/pdftex/updmap:
       92929 2025-09-27 18:40:32 pdftex_dl14.map
       91264 2025-09-27 18:40:32 pdftex_ndl14.map
       92929 2025-09-27 18:40:32 pdftex.map = pdftex_dl14.map
  /home/cantez93800/.TinyTeX/texmf-var/fonts/map/dvipdfmx/updmap:
         325 2025-09-27 18:40:32 kanjix.map

Transcript written on: /home/cantez93800/.TinyTeX/texmf-var/web2c/updmap.log
updmap: updating ls-R files.
--end of output of updmap-sys.

[Sat Sep 27 18:40:32 2025] running fmtutil-sys --byengine xetex --no-error-if-no-format --no-error-if-no-engine=luametatex,luajithbtex,luajittex,mfluajit --status-file=/tmp/CjvAwh1AnJ/jUsUiCtVkQ
[Sat Sep 27 18:40:37 2025] success, output:
fmtutil: fmtutil is using the following fmtutil.cnf files (in precedence order):
fmtutil:   /home/cantez93800/.TinyTeX/texmf-dist/web2c/fmtutil.cnf
fmtutil: fmtutil is using the following fmtutil.cnf file for writing changes:
fmtutil:   /home/cantez93800/.TinyTeX/texmf-config/web2c/fmtutil.cnf
fmtutil [INFO]: writing formats under /home/cantez93800/.TinyTeX/texmf-var/web2c
fmtutil [INFO]: --- remaking xetex with xetex
fmtutil: running `xetex -ini   -jobname=xetex -progname=xetex -etex xetex.ini' ...
This is XeTeX, Version 3.141592653-2.6-0.999997 (TeX Live 2025) (INITEX)
 restricted \write18 enabled.
entering extended mode
(/home/cantez93800/.TinyTeX/texmf-dist/tex/generic/tex-ini-files/xetex.ini
(/home/cantez93800/.TinyTeX/texmf-dist/tex/generic/unicode-data/load-unicode-data.tex 
load-unicode-data.tex v1.19 (2025-09-26)
Reading Unicode data
# UnicodeData-17.0.0.txt
# Modified 2025-09-26 07:00 GMT [JAW]
) (/home/cantez93800/.TinyTeX/texmf-dist/tex/generic/unicode-data/load-unicode-xetex-classes.tex 
load-unicode-xetex-classes.tex v1.19 (2025-09-26)
Reading Unicode east Asian character class data
# LineBreak-17.0.0.txt 
# Date: 2025-07-29, 13:52:18 GMT 
# EastAsianWidth-17.0.0.txt 
# Date: 2025-07-24, 00:12:54 GMT 
) (/home/cantez93800/.TinyTeX/texmf-dist/tex/plain/etex/etex.src (/home/cantez93800/.TinyTeX/texmf-dist/tex/plain/base/plain.tex Preloading the plain format: codes, registers, parameters, fonts, more fonts, macros, math definitions, output routines, hyphenation (/home/cantez93800/.TinyTeX/texmf-dist/tex/generic/hyphen/hyphen.tex [skipping from \patterns to end-of-file...])) (/home/cantez93800/.TinyTeX/texmf-dist/tex/plain/etex/etexdefs.lib Skipping module "grouptypes"; Loading module "interactionmodes"; Skipping module "nodetypes"; Skipping module "iftypes";) (/home/cantez93800/.TinyTeX/texmf-var/tex/generic/config/language.def (/home/cantez93800/.TinyTeX/texmf-dist/tex/generic/hyphen/hyphen.tex)) Augmenting the Plain TeX definitions: \tracingall; Adding new e-TeX definitions: \eTeX, \loggingall, \tracingnone, register allocation; extended register allocation; 
Recycling: \addlanguage, \@nswer (not defined), \@sk, \b@dresponsetrue, \b@dresponsefalse, \ch@ckforyn, \mayber@cycle, \et@xabort, \et@xbuf, \et@xfmtsrc, \et@xfilehdr, \et@xinf, \et@xpatterns, \l@ngdefnfile, \n@xt, \p@rse (not defined), \pr@mpt (not defined), \pr@mptloop (not defined), \forcer@cycle, \usef@llback, \usef@llbacktrue, \usef@llbackfalse, 
Retaining: \et@xerr, \et@xinput, \et@xlibhdr, \et@xmsg, \et@xtoks, \et@xwarn, \et@xl@@d, \et@xl@ad, \et@xload, \et@xlang, \et@xhash, \eTeX, \etexhdrchk, \etexstatus, \module, \uselanguage, \r@tain, \r@cycle,)
 )
Beginning to dump on file xetex.fmt
 (preloaded format=xetex 2025.9.27)
70605 strings of total length 59348
12569 memory locations dumped; current usage is 647&7495
4053 multiletter control sequences
\font\nullfont=nullfont
\font\tenrm=cmr10
\font\sevenrm=cmr7
\font\fiverm=cmr5
\font\teni=cmmi10
\font\seveni=cmmi7
\font\fivei=cmmi5
\font\tensy=cmsy10
\font\sevensy=cmsy7
\font\fivesy=cmsy5
\font\tenex=cmex10
\font\tenbf=cmbx10
\font\sevenbf=cmbx7
\font\fivebf=cmbx5
\font\tentt=cmtt10
\font\tensl=cmsl10
\font\tenit=cmti10
4739 words of font info for 16 preloaded fonts
14 hyphenation exceptions
Hyphenation trie of length 6076 has 181 ops out of 35111
  181 for language 0
No pages of output.
Transcript written on xetex.log.
fmtutil [INFO]: log file copied to: /home/cantez93800/.TinyTeX/texmf-var/web2c/xetex/xetex.log
fmtutil [INFO]: /home/cantez93800/.TinyTeX/texmf-var/web2c/xetex/xetex.fmt installed.
fmtutil [INFO]: --- remaking xelatex with xetex
fmtutil: running `xetex -ini   -jobname=xelatex -progname=xelatex -etex xelatex.ini' ...
This is XeTeX, Version 3.141592653-2.6-0.999997 (TeX Live 2025) (INITEX)
 restricted \write18 enabled.
entering extended mode
(/home/cantez93800/.TinyTeX/texmf-dist/tex/latex/tex-ini-files/xelatex.ini (/home/cantez93800/.TinyTeX/texmf-dist/tex/latex/base/latex.ltx (/home/cantez93800/.TinyTeX/texmf-dist/tex/latex/base/texsys.cfg)
./texsys.aux found


\@currdir set to: ./.


Assuming \openin and \input 
have the same search path.


Defining UNIX/DOS style filename parser.

catcodes, registers, parameters,
LaTeX2e <2025-06-01> patch level 1
(/home/cantez93800/.TinyTeX/texmf-dist/tex/latex/l3kernel/expl3.ltx (/home/cantez93800/.TinyTeX/texmf-dist/tex/latex/l3kernel/expl3-code.tex)) hacks, document commands, templates, control, par, spacing, files, font encodings, lengths, NFSS base, NFSS axes, NFSS tracing, NFSS declarative interface, NFSS initialization,
====================================

Local config file fonttext.cfg used

====================================
(/home/cantez93800/.TinyTeX/texmf-dist/tex/latex/base/fonttext.cfg (/home/cantez93800/.TinyTeX/texmf-dist/tex/latex/base/fonttext.ltx
=== Don't modify this file, use a .cfg file instead ===

(/home/cantez93800/.TinyTeX/texmf-dist/tex/latex/base/omlenc.def) (/home/cantez93800/.TinyTeX/texmf-dist/tex/latex/base/omsenc.def) (/home/cantez93800/.TinyTeX/texmf-dist/tex/latex/base/ot1enc.def) (/home/cantez93800/.TinyTeX/texmf-dist/tex/latex/base/t1enc.def) (/home/cantez93800/.TinyTeX/texmf-dist/tex/latex/base/ts1enc.def) (/home/cantez93800/.TinyTeX/texmf-dist/tex/latex/base/tuenc.def) (/home/cantez93800/.TinyTeX/texmf-dist/tex/latex/base/tulmr.fd) (/home/cantez93800/.TinyTeX/texmf-dist/tex/latex/base/tulmss.fd) (/home/cantez93800/.TinyTeX/texmf-dist/tex/latex/base/tulmtt.fd) (/home/cantez93800/.TinyTeX/texmf-dist/tex/latex/lm/ts1lmr.fd) (/home/cantez93800/.TinyTeX/texmf-dist/tex/latex/base/t1cmr.fd) (/home/cantez93800/.TinyTeX/texmf-dist/tex/latex/base/ot1cmr.fd) (/home/cantez93800/.TinyTeX/texmf-dist/tex/latex/base/ts1cmr.fd) (/home/cantez93800/.TinyTeX/texmf-dist/tex/latex/base/t1cmss.fd) (/home/cantez93800/.TinyTeX/texmf-dist/tex/latex/base/t1cmtt.fd) (/home/cantez93800/.TinyTeX/texmf-dist/tex/latex/base/ot1cmss.fd) (/home/cantez93800/.TinyTeX/texmf-dist/tex/latex/base/ot1cmtt.fd) (/home/cantez93800/.TinyTeX/texmf-dist/tex/latex/base/ts1cmss.fd) (/home/cantez93800/.TinyTeX/texmf-dist/tex/latex/base/ts1cmtt.fd)))
====================================

Local config file fontmath.cfg used

====================================
(/home/cantez93800/.TinyTeX/texmf-dist/tex/latex/base/fontmath.cfg (/home/cantez93800/.TinyTeX/texmf-dist/tex/latex/base/fontmath.ltx
=== Don't modify this file, use a .cfg file instead ===

(/home/cantez93800/.TinyTeX/texmf-dist/tex/latex/base/omlcmm.fd) (/home/cantez93800/.TinyTeX/texmf-dist/tex/latex/base/omscmsy.fd) (/home/cantez93800/.TinyTeX/texmf-dist/tex/latex/base/omxcmex.fd) (/home/cantez93800/.TinyTeX/texmf-dist/tex/latex/base/ucmr.fd)))
====================================

Local config file preload.cfg used

=====================================
(/home/cantez93800/.TinyTeX/texmf-dist/tex/latex/base/preload.cfg (/home/cantez93800/.TinyTeX/texmf-dist/tex/latex/base/preload.ltx)) page nos., x-ref, environments, center, verbatim, math definitions, boxes, title, sectioning, contents, floats, footnotes, index, bibliography, output,  Unicode character data, (/home/cantez93800/.TinyTeX/texmf-dist/tex/generic/unicode-data/load-unicode-data.tex 
load-unicode-data.tex v1.19 (2025-09-26)
Reading Unicode data
# UnicodeData-17.0.0.txt
# Modified 2025-09-26 07:00 GMT [JAW]
)
===========================================
Local configuration file hyphen.cfg used
===========================================
(/home/cantez93800/.TinyTeX/texmf-dist/tex/generic/babel/hyphen.cfg (/home/cantez93800/.TinyTeX/texmf-dist/tex/generic/babel/xebabel.def) (/home/cantez93800/.TinyTeX/texmf-dist/tex/generic/hyphen/hyphen.tex) (/home/cantez93800/.TinyTeX/texmf-dist/tex/generic/hyphen/dumyhyph.tex) (/home/cantez93800/.TinyTeX/texmf-dist/tex/generic/hyphen/zerohyph.tex)) (/home/cantez93800/.TinyTeX/texmf-dist/tex/latex/firstaid/latex2e-first-aid-for-external-files.ltx)
 ) )
Beginning to dump on file xelatex.fmt
 (preloaded format=xelatex 2025.9.27)
95131 strings of total length 764314
425646 memory locations dumped; current usage is 317&382240
28477 multiletter control sequences
\font\nullfont=nullfont
\font\c__fp_exp_intarray=cmr10 at 0.00002pt
\font\c__fp_trig_intarray=cmr10 at 0.00003pt
\font\c_initex_cctab=cmr10 at 0.00005pt
\font\c_other_cctab=cmr10 at 0.00006pt
\font\c_str_cctab=cmr10 at 0.00008pt
\font\g_tmpa_cctab=cmr10 at 0.00009pt
\font\g_tmpb_cctab=cmr10 at 0.0001pt
\font\g__regex_state_active_intarray=cmr10 at 0.00012pt
\font\g__regex_thread_info_intarray=cmr10 at 0.00014pt
\font\g__regex_submatch_prev_intarray=cmr10 at 0.00015pt
\font\g__regex_submatch_begin_intarray=cmr10 at 0.00017pt
\font\g__regex_submatch_end_intarray=cmr10 at 0.00018pt
\font\g__regex_submatch_case_intarray=cmr10 at 0.0002pt
\font\g__regex_balance_intarray=cmr10 at 0.00021pt
\font\g__codepoint_category_index_intarray=cmr10 at 0.00023pt
\font\g__codepoint_grapheme_index_intarray=cmr10 at 0.00024pt
\font\g__codepoint_lowercase_index_intarray=cmr10 at 0.00026pt
\font\g__codepoint_uppercase_index_intarray=cmr10 at 0.00027pt
\font\g__codepoint_wordbreak_index_intarray=cmr10 at 0.00029pt
\font\g__codepoint_category_blocks_intarray=cmr10 at 0.0003pt
\font\g__codepoint_grapheme_blocks_intarray=cmr10 at 0.00032pt
\font\g__codepoint_lowercase_blocks_intarray=cmr10 at 0.00034pt
\font\g__codepoint_uppercase_blocks_intarray=cmr10 at 0.00035pt
\font\g__codepoint_wordbreak_blocks_intarray=cmr10 at 0.00037pt
\font\OMX/cmex/m/n/10=cmex10
\font\tenln=line10
\font\tenlnw=linew10
\font\tencirc=lcircle10
\font\tencircw=lcirclew10
\font\OT1/cmr/m/n/5=cmr5
\font\OT1/cmr/m/n/7=cmr7
\font\OT1/cmr/m/n/10=cmr10
\font\OML/cmm/m/it/5=cmmi5
\font\OML/cmm/m/it/7=cmmi7
\font\OML/cmm/m/it/10=cmmi10
\font\OMS/cmsy/m/n/5=cmsy5
\font\OMS/cmsy/m/n/7=cmsy7
\font\OMS/cmsy/m/n/10=cmsy10
\font\c_code_cctab=cmr10 at 0.00038pt
\font\c_document_cctab=cmr10 at 0.0004pt
627714 words of font info for 40 preloaded fonts
14 hyphenation exceptions
Hyphenation trie of length 6082 has 183 ops out of 35111
  2 for language 1
  181 for language 0
No pages of output.
Transcript written on xelatex.log.
fmtutil [INFO]: log file copied to: /home/cantez93800/.TinyTeX/texmf-var/web2c/xetex/xelatex.log
fmtutil [INFO]: /home/cantez93800/.TinyTeX/texmf-var/web2c/xetex/xelatex.fmt installed.
fmtutil [INFO]: successfully rebuilt formats: 2
fmtutil [INFO]: not selected formats: 12
fmtutil [INFO]: total formats: 14
fmtutil [INFO]: exiting with status 0
--end of output of fmtutil-sys --byengine xetex --no-error-if-no-format --no-error-if-no-engine=luametatex,luajithbtex,luajittex,mfluajit --status-file=/tmp/CjvAwh1AnJ/jUsUiCtVkQ.

[Sat Sep 27 18:40:37 2025]   OK: xetex.fmt/xetex xelatex.fmt/xetex
[Sat Sep 27 18:40:37 2025] running fmtutil-sys --byengine luatex --no-error-if-no-format --no-error-if-no-engine=luametatex,luajithbtex,luajittex,mfluajit --status-file=/tmp/CjvAwh1AnJ/jUsUiCtVkQ
[Sat Sep 27 18:40:39 2025] success, output:
fmtutil: fmtutil is using the following fmtutil.cnf files (in precedence order):
fmtutil:   /home/cantez93800/.TinyTeX/texmf-dist/web2c/fmtutil.cnf
fmtutil: fmtutil is using the following fmtutil.cnf file for writing changes:
fmtutil:   /home/cantez93800/.TinyTeX/texmf-config/web2c/fmtutil.cnf
fmtutil [INFO]: writing formats under /home/cantez93800/.TinyTeX/texmf-var/web2c
fmtutil [INFO]: --- remaking luatex with luatex
fmtutil: running `luatex -ini   -jobname=luatex -progname=luatex luatex.ini' ...
This is LuaTeX, Version 1.22.0 (TeX Live 2025)  (INITEX)
 restricted system commands enabled.
(/home/cantez93800/.TinyTeX/texmf-dist/tex/generic/tex-ini-files/luatex.ini (/home/cantez93800/.TinyTeX/texmf-dist/tex/generic/tex-ini-files/luatexconfig.tex (/home/cantez93800/.TinyTeX/texmf-dist/tex/generic/tex-ini-files/pdftexconfig.tex)) (/home/cantez93800/.TinyTeX/texmf-dist/tex/generic/tex-ini-files/luatexiniconfig.tex) (/home/cantez93800/.TinyTeX/texmf-dist/tex/generic/unicode-data/load-unicode-data.tex 
load-unicode-data.tex v1.19 (2025-09-26)
Reading Unicode data
# UnicodeData-17.0.0.txt
# Modified 2025-09-26 07:00 GMT [JAW]
) (/home/cantez93800/.TinyTeX/texmf-dist/tex/luatex/hyph-utf8/etex.src (/home/cantez93800/.TinyTeX/texmf-dist/tex/plain/base/plain.tex Preloading the plain format: codes, registers, parameters, fonts, more fonts, macros, math definitions, output routines, hyphenation (/home/cantez93800/.TinyTeX/texmf-dist/tex/generic/hyphen/hyphen.tex [skipping from \patterns to end-of-file...])) (/home/cantez93800/.TinyTeX/texmf-dist/tex/plain/etex/etexdefs.lib Skipping module "grouptypes"; Loading module "interactionmodes"; Skipping module "nodetypes"; Skipping module "iftypes";) (/home/cantez93800/.TinyTeX/texmf-var/tex/generic/config/language.def (/home/cantez93800/.TinyTeX/texmf-dist/tex/generic/hyphen/hyphen.tex)) Augmenting the Plain TeX definitions: \tracingall; Adding new e-TeX definitions: \eTeX, \loggingall, \tracingnone, register allocation; extended register allocation; 
Recycling: \addlanguage, \@nswer (not defined), \@sk, \b@dresponsetrue, \b@dresponsefalse, \ch@ckforyn, \mayber@cycle, \et@xabort, \et@xbuf, \et@xfmtsrc, \et@xfilehdr, \et@xinf, \et@xpatterns, \l@ngdefnfile, \n@xt, \p@rse (not defined), \pr@mpt (not defined), \pr@mptloop (not defined), \forcer@cycle, \usef@llback, \usef@llbacktrue, \usef@llbackfalse, 
Retaining: \et@xerr, \et@xinput, \et@xlibhdr, \et@xmsg, \et@xtoks, \et@xwarn, \et@xl@@d, \et@xl@ad, \et@xload, \et@xlang, \et@xhash, \eTeX, \etexhdrchk, \etexstatus, \module, \uselanguage, \r@tain, \r@cycle,))
Beginning to dump on file luatex.fmt
 (format=luatex 2025.9.27)
3397 strings using 10305 bytes
68809 memory locations dumped; current usage is 149&7701
1886 multiletter control sequences
\font\nullfont=nullfont
\font\tenrm=cmr10
\font\preloaded=cmr9
\font\preloaded=cmr8
\font\sevenrm=cmr7
\font\preloaded=cmr6
\font\fiverm=cmr5
\font\teni=cmmi10
\font\preloaded=cmmi9
\font\preloaded=cmmi8
\font\seveni=cmmi7
\font\preloaded=cmmi6
\font\fivei=cmmi5
\font\tensy=cmsy10
\font\preloaded=cmsy9
\font\preloaded=cmsy8
\font\sevensy=cmsy7
\font\preloaded=cmsy6
\font\fivesy=cmsy5
\font\tenex=cmex10
\font\preloaded=cmss10
\font\preloaded=cmssq8
\font\preloaded=cmssi10
\font\preloaded=cmssqi8
\font\tenbf=cmbx10
\font\preloaded=cmbx9
\font\preloaded=cmbx8
\font\sevenbf=cmbx7
\font\preloaded=cmbx6
\font\fivebf=cmbx5
\font\tentt=cmtt10
\font\preloaded=cmtt9
\font\preloaded=cmtt8
\font\preloaded=cmsltt10
\font\tensl=cmsl10
\font\preloaded=cmsl9
\font\preloaded=cmsl8
\font\tenit=cmti10
\font\preloaded=cmti9
\font\preloaded=cmti8
\font\preloaded=cmti7
\font\preloaded=cmu10
\font\preloaded=cmmib10
\font\preloaded=cmbsy10
\font\preloaded=cmcsc10
\font\preloaded=cmssbx10
\font\preloaded=cmdunh10
\font\preloaded=cmr7 at 14.51799pt
\font\preloaded=cmtt10 at 14.4pt
\font\preloaded=cmssbx10 at 14.4pt
\font\preloaded=manfnt
50 preloaded fonts
warning  (pdf backend): no pages of output.
Transcript written on luatex.log.
fmtutil [INFO]: log file copied to: /home/cantez93800/.TinyTeX/texmf-var/web2c/luatex/luatex.log
fmtutil [INFO]: /home/cantez93800/.TinyTeX/texmf-var/web2c/luatex/luatex.fmt installed.
fmtutil [INFO]: --- remaking dvilualatex with luatex
fmtutil: running `luatex -ini   -jobname=dvilualatex -progname=dvilualatex dvilualatex.ini' ...
This is LuaTeX, Version 1.22.0 (TeX Live 2025)  (INITEX)
 restricted system commands enabled.
(/home/cantez93800/.TinyTeX/texmf-dist/tex/latex/tex-ini-files/dvilualatex.ini (/home/cantez93800/.TinyTeX/texmf-dist/tex/latex/tex-ini-files/lualatex.ini (/home/cantez93800/.TinyTeX/texmf-dist/tex/generic/tex-ini-files/luatexconfig.tex (/home/cantez93800/.TinyTeX/texmf-dist/tex/generic/tex-ini-files/pdftexconfig.tex)) (/home/cantez93800/.TinyTeX/texmf-dist/tex/latex/base/latex.ltx (/home/cantez93800/.TinyTeX/texmf-dist/tex/latex/base/texsys.cfg)
./texsys.aux found


\@currdir set to: ./.


Assuming \openin and \input 
have the same search path.


Defining UNIX/DOS style filename parser.

catcodes, registers, parameters,
LaTeX2e <2025-06-01> patch level 1
(/home/cantez93800/.TinyTeX/texmf-dist/tex/latex/l3kernel/expl3.ltx (/home/cantez93800/.TinyTeX/texmf-dist/tex/latex/l3kernel/expl3-code.tex)) hacks, document commands, templates, control, par, spacing, files, font encodings, lengths, NFSS base, NFSS axes, NFSS tracing, NFSS declarative interface, NFSS initialization,
====================================

Local config file fonttext.cfg used

====================================
(/home/cantez93800/.TinyTeX/texmf-dist/tex/latex/base/fonttext.cfg (/home/cantez93800/.TinyTeX/texmf-dist/tex/latex/base/fonttext.ltx
=== Don't modify this file, use a .cfg file instead ===

(/home/cantez93800/.TinyTeX/texmf-dist/tex/latex/base/omlenc.def) (/home/cantez93800/.TinyTeX/texmf-dist/tex/latex/base/omsenc.def) (/home/cantez93800/.TinyTeX/texmf-dist/tex/latex/base/ot1enc.def) (/home/cantez93800/.TinyTeX/texmf-dist/tex/latex/base/t1enc.def) (/home/cantez93800/.TinyTeX/texmf-dist/tex/latex/base/ts1enc.def) (/home/cantez93800/.TinyTeX/texmf-dist/tex/latex/base/tuenc.def) (/home/cantez93800/.TinyTeX/texmf-dist/tex/latex/base/tulmr.fd) (/home/cantez93800/.TinyTeX/texmf-dist/tex/latex/base/tulmss.fd) (/home/cantez93800/.TinyTeX/texmf-dist/tex/latex/base/tulmtt.fd) (/home/cantez93800/.TinyTeX/texmf-dist/tex/latex/lm/ts1lmr.fd) (/home/cantez93800/.TinyTeX/texmf-dist/tex/latex/base/t1cmr.fd) (/home/cantez93800/.TinyTeX/texmf-dist/tex/latex/base/ot1cmr.fd) (/home/cantez93800/.TinyTeX/texmf-dist/tex/latex/base/ts1cmr.fd) (/home/cantez93800/.TinyTeX/texmf-dist/tex/latex/base/t1cmss.fd) (/home/cantez93800/.TinyTeX/texmf-dist/tex/latex/base/t1cmtt.fd) (/home/cantez93800/.TinyTeX/texmf-dist/tex/latex/base/ot1cmss.fd) (/home/cantez93800/.TinyTeX/texmf-dist/tex/latex/base/ot1cmtt.fd) (/home/cantez93800/.TinyTeX/texmf-dist/tex/latex/base/ts1cmss.fd) (/home/cantez93800/.TinyTeX/texmf-dist/tex/latex/base/ts1cmtt.fd)))
====================================

Local config file fontmath.cfg used

====================================
(/home/cantez93800/.TinyTeX/texmf-dist/tex/latex/base/fontmath.cfg (/home/cantez93800/.TinyTeX/texmf-dist/tex/latex/base/fontmath.ltx
=== Don't modify this file, use a .cfg file instead ===

(/home/cantez93800/.TinyTeX/texmf-dist/tex/latex/base/omlcmm.fd) (/home/cantez93800/.TinyTeX/texmf-dist/tex/latex/base/omscmsy.fd) (/home/cantez93800/.TinyTeX/texmf-dist/tex/latex/base/omxcmex.fd) (/home/cantez93800/.TinyTeX/texmf-dist/tex/latex/base/ucmr.fd)))
====================================

Local config file preload.cfg used

=====================================
(/home/cantez93800/.TinyTeX/texmf-dist/tex/latex/base/preload.cfg (/home/cantez93800/.TinyTeX/texmf-dist/tex/latex/base/preload.ltx)) page nos., x-ref, environments, center, verbatim, math definitions, boxes, title, sectioning, contents, floats, footnotes, index, bibliography, output,  Unicode character data, (/home/cantez93800/.TinyTeX/texmf-dist/tex/generic/unicode-data/load-unicode-data.tex 
load-unicode-data.tex v1.19 (2025-09-26)
Reading Unicode data
# UnicodeData-17.0.0.txt
# Modified 2025-09-26 07:00 GMT [JAW]
)
===========================================
Local configuration file hyphen.cfg used
===========================================
(/home/cantez93800/.TinyTeX/texmf-dist/tex/generic/babel/hyphen.cfg (/home/cantez93800/.TinyTeX/texmf-dist/tex/generic/babel/luababel.def) (/home/cantez93800/.TinyTeX/texmf-dist/tex/generic/hyphen/hyphen.tex)) (/home/cantez93800/.TinyTeX/texmf-dist/tex/latex/firstaid/latex2e-first-aid-for-external-files.ltx)
)))
Beginning to dump on file dvilualatex.fmt
 (format=dvilualatex 2025.9.27)
23714 strings using 414166 bytes
815597 memory locations dumped; current usage is 204&380756
22352 multiletter control sequences
\font\nullfont=nullfont
\font\OMX/cmex/m/n/10=cmex10
\font\tenln=line10
\font\tenlnw=linew10
\font\tencirc=lcircle10
\font\tencircw=lcirclew10
\font\OT1/cmr/m/n/5=cmr5
\font\OT1/cmr/m/n/7=cmr7
\font\OT1/cmr/m/n/10=cmr10
\font\OML/cmm/m/it/5=cmmi5
\font\OML/cmm/m/it/7=cmmi7
\font\OML/cmm/m/it/10=cmmi10
\font\OMS/cmsy/m/n/5=cmsy5
\font\OMS/cmsy/m/n/7=cmsy7
\font\OMS/cmsy/m/n/10=cmsy10
14 preloaded fonts
No pages of output.
Transcript written on dvilualatex.log.
fmtutil [INFO]: log file copied to: /home/cantez93800/.TinyTeX/texmf-var/web2c/luatex/dvilualatex.log
fmtutil [INFO]: /home/cantez93800/.TinyTeX/texmf-var/web2c/luatex/dvilualatex.fmt installed.
fmtutil [INFO]: --- remaking dviluatex with luatex
fmtutil: running `luatex -ini   -jobname=dviluatex -progname=dviluatex dviluatex.ini' ...
This is LuaTeX, Version 1.22.0 (TeX Live 2025)  (INITEX)
 restricted system commands enabled.
(/home/cantez93800/.TinyTeX/texmf-dist/tex/generic/tex-ini-files/dviluatex.ini (/home/cantez93800/.TinyTeX/texmf-dist/tex/generic/tex-ini-files/luatex.ini (/home/cantez93800/.TinyTeX/texmf-dist/tex/generic/tex-ini-files/luatexconfig.tex (/home/cantez93800/.TinyTeX/texmf-dist/tex/generic/tex-ini-files/pdftexconfig.tex)) (/home/cantez93800/.TinyTeX/texmf-dist/tex/generic/tex-ini-files/luatexiniconfig.tex) (/home/cantez93800/.TinyTeX/texmf-dist/tex/generic/unicode-data/load-unicode-data.tex 
load-unicode-data.tex v1.19 (2025-09-26)
Reading Unicode data
# UnicodeData-17.0.0.txt
# Modified 2025-09-26 07:00 GMT [JAW]
) (/home/cantez93800/.TinyTeX/texmf-dist/tex/luatex/hyph-utf8/etex.src (/home/cantez93800/.TinyTeX/texmf-dist/tex/plain/base/plain.tex Preloading the plain format: codes, registers, parameters, fonts, more fonts, macros, math definitions, output routines, hyphenation (/home/cantez93800/.TinyTeX/texmf-dist/tex/generic/hyphen/hyphen.tex [skipping from \patterns to end-of-file...])) (/home/cantez93800/.TinyTeX/texmf-dist/tex/plain/etex/etexdefs.lib Skipping module "grouptypes"; Loading module "interactionmodes"; Skipping module "nodetypes"; Skipping module "iftypes";) (/home/cantez93800/.TinyTeX/texmf-var/tex/generic/config/language.def (/home/cantez93800/.TinyTeX/texmf-dist/tex/generic/hyphen/hyphen.tex)) Augmenting the Plain TeX definitions: \tracingall; Adding new e-TeX definitions: \eTeX, \loggingall, \tracingnone, register allocation; extended register allocation; 
Recycling: \addlanguage, \@nswer (not defined), \@sk, \b@dresponsetrue, \b@dresponsefalse, \ch@ckforyn, \mayber@cycle, \et@xabort, \et@xbuf, \et@xfmtsrc, \et@xfilehdr, \et@xinf, \et@xpatterns, \l@ngdefnfile, \n@xt, \p@rse (not defined), \pr@mpt (not defined), \pr@mptloop (not defined), \forcer@cycle, \usef@llback, \usef@llbacktrue, \usef@llbackfalse, 
Retaining: \et@xerr, \et@xinput, \et@xlibhdr, \et@xmsg, \et@xtoks, \et@xwarn, \et@xl@@d, \et@xl@ad, \et@xload, \et@xlang, \et@xhash, \eTeX, \etexhdrchk, \etexstatus, \module, \uselanguage, \r@tain, \r@cycle,)))
Beginning to dump on file dviluatex.fmt
 (format=dviluatex 2025.9.27)
3402 strings using 10324 bytes
68809 memory locations dumped; current usage is 149&7701
1886 multiletter control sequences
\font\nullfont=nullfont
\font\tenrm=cmr10
\font\preloaded=cmr9
\font\preloaded=cmr8
\font\sevenrm=cmr7
\font\preloaded=cmr6
\font\fiverm=cmr5
\font\teni=cmmi10
\font\preloaded=cmmi9
\font\preloaded=cmmi8
\font\seveni=cmmi7
\font\preloaded=cmmi6
\font\fivei=cmmi5
\font\tensy=cmsy10
\font\preloaded=cmsy9
\font\preloaded=cmsy8
\font\sevensy=cmsy7
\font\preloaded=cmsy6
\font\fivesy=cmsy5
\font\tenex=cmex10
\font\preloaded=cmss10
\font\preloaded=cmssq8
\font\preloaded=cmssi10
\font\preloaded=cmssqi8
\font\tenbf=cmbx10
\font\preloaded=cmbx9
\font\preloaded=cmbx8
\font\sevenbf=cmbx7
\font\preloaded=cmbx6
\font\fivebf=cmbx5
\font\tentt=cmtt10
\font\preloaded=cmtt9
\font\preloaded=cmtt8
\font\preloaded=cmsltt10
\font\tensl=cmsl10
\font\preloaded=cmsl9
\font\preloaded=cmsl8
\font\tenit=cmti10
\font\preloaded=cmti9
\font\preloaded=cmti8
\font\preloaded=cmti7
\font\preloaded=cmu10
\font\preloaded=cmmib10
\font\preloaded=cmbsy10
\font\preloaded=cmcsc10
\font\preloaded=cmssbx10
\font\preloaded=cmdunh10
\font\preloaded=cmr7 at 14.51799pt
\font\preloaded=cmtt10 at 14.4pt
\font\preloaded=cmssbx10 at 14.4pt
\font\preloaded=manfnt
50 preloaded fonts
No pages of output.
Transcript written on dviluatex.log.
fmtutil [INFO]: log file copied to: /home/cantez93800/.TinyTeX/texmf-var/web2c/luatex/dviluatex.log
fmtutil [INFO]: /home/cantez93800/.TinyTeX/texmf-var/web2c/luatex/dviluatex.fmt installed.
fmtutil [INFO]: successfully rebuilt formats: 3
fmtutil [INFO]: not selected formats: 11
fmtutil [INFO]: total formats: 14
fmtutil [INFO]: exiting with status 0
--end of output of fmtutil-sys --byengine luatex --no-error-if-no-format --no-error-if-no-engine=luametatex,luajithbtex,luajittex,mfluajit --status-file=/tmp/CjvAwh1AnJ/jUsUiCtVkQ.

[Sat Sep 27 18:40:39 2025]   OK: luatex.fmt/luatex dvilualatex.fmt/luatex dviluatex.fmt/luatex
[Sat Sep 27 18:40:39 2025] running fmtutil-sys --byengine luahbtex --no-error-if-no-format --no-error-if-no-engine=luametatex,luajithbtex,luajittex,mfluajit --status-file=/tmp/CjvAwh1AnJ/jUsUiCtVkQ
[Sat Sep 27 18:40:41 2025] success, output:
fmtutil: fmtutil is using the following fmtutil.cnf files (in precedence order):
fmtutil:   /home/cantez93800/.TinyTeX/texmf-dist/web2c/fmtutil.cnf
fmtutil: fmtutil is using the following fmtutil.cnf file for writing changes:
fmtutil:   /home/cantez93800/.TinyTeX/texmf-config/web2c/fmtutil.cnf
fmtutil [INFO]: writing formats under /home/cantez93800/.TinyTeX/texmf-var/web2c
fmtutil [INFO]: --- remaking luahbtex with luahbtex
fmtutil: running `luahbtex -ini   -jobname=luahbtex -progname=luahbtex luatex.ini' ...
This is LuaHBTeX, Version 1.22.0 (TeX Live 2025)  (INITEX)
 restricted system commands enabled.
(/home/cantez93800/.TinyTeX/texmf-dist/tex/generic/tex-ini-files/luatex.ini (/home/cantez93800/.TinyTeX/texmf-dist/tex/generic/tex-ini-files/luatexconfig.tex (/home/cantez93800/.TinyTeX/texmf-dist/tex/generic/tex-ini-files/pdftexconfig.tex)) (/home/cantez93800/.TinyTeX/texmf-dist/tex/generic/tex-ini-files/luatexiniconfig.tex) (/home/cantez93800/.TinyTeX/texmf-dist/tex/generic/unicode-data/load-unicode-data.tex 
load-unicode-data.tex v1.19 (2025-09-26)
Reading Unicode data
# UnicodeData-17.0.0.txt
# Modified 2025-09-26 07:00 GMT [JAW]
) (/home/cantez93800/.TinyTeX/texmf-dist/tex/luatex/hyph-utf8/etex.src (/home/cantez93800/.TinyTeX/texmf-dist/tex/plain/base/plain.tex Preloading the plain format: codes, registers, parameters, fonts, more fonts, macros, math definitions, output routines, hyphenation (/home/cantez93800/.TinyTeX/texmf-dist/tex/generic/hyphen/hyphen.tex [skipping from \patterns to end-of-file...])) (/home/cantez93800/.TinyTeX/texmf-dist/tex/plain/etex/etexdefs.lib Skipping module "grouptypes"; Loading module "interactionmodes"; Skipping module "nodetypes"; Skipping module "iftypes";) (/home/cantez93800/.TinyTeX/texmf-var/tex/generic/config/language.def (/home/cantez93800/.TinyTeX/texmf-dist/tex/generic/hyphen/hyphen.tex)) Augmenting the Plain TeX definitions: \tracingall; Adding new e-TeX definitions: \eTeX, \loggingall, \tracingnone, register allocation; extended register allocation; 
Recycling: \addlanguage, \@nswer (not defined), \@sk, \b@dresponsetrue, \b@dresponsefalse, \ch@ckforyn, \mayber@cycle, \et@xabort, \et@xbuf, \et@xfmtsrc, \et@xfilehdr, \et@xinf, \et@xpatterns, \l@ngdefnfile, \n@xt, \p@rse (not defined), \pr@mpt (not defined), \pr@mptloop (not defined), \forcer@cycle, \usef@llback, \usef@llbacktrue, \usef@llbackfalse, 
Retaining: \et@xerr, \et@xinput, \et@xlibhdr, \et@xmsg, \et@xtoks, \et@xwarn, \et@xl@@d, \et@xl@ad, \et@xload, \et@xlang, \et@xhash, \eTeX, \etexhdrchk, \etexstatus, \module, \uselanguage, \r@tain, \r@cycle,))
Beginning to dump on file luahbtex.fmt
 (format=luahbtex 2025.9.27)
3397 strings using 10309 bytes
68809 memory locations dumped; current usage is 149&7701
1886 multiletter control sequences
\font\nullfont=nullfont
\font\tenrm=cmr10
\font\preloaded=cmr9
\font\preloaded=cmr8
\font\sevenrm=cmr7
\font\preloaded=cmr6
\font\fiverm=cmr5
\font\teni=cmmi10
\font\preloaded=cmmi9
\font\preloaded=cmmi8
\font\seveni=cmmi7
\font\preloaded=cmmi6
\font\fivei=cmmi5
\font\tensy=cmsy10
\font\preloaded=cmsy9
\font\preloaded=cmsy8
\font\sevensy=cmsy7
\font\preloaded=cmsy6
\font\fivesy=cmsy5
\font\tenex=cmex10
\font\preloaded=cmss10
\font\preloaded=cmssq8
\font\preloaded=cmssi10
\font\preloaded=cmssqi8
\font\tenbf=cmbx10
\font\preloaded=cmbx9
\font\preloaded=cmbx8
\font\sevenbf=cmbx7
\font\preloaded=cmbx6
\font\fivebf=cmbx5
\font\tentt=cmtt10
\font\preloaded=cmtt9
\font\preloaded=cmtt8
\font\preloaded=cmsltt10
\font\tensl=cmsl10
\font\preloaded=cmsl9
\font\preloaded=cmsl8
\font\tenit=cmti10
\font\preloaded=cmti9
\font\preloaded=cmti8
\font\preloaded=cmti7
\font\preloaded=cmu10
\font\preloaded=cmmib10
\font\preloaded=cmbsy10
\font\preloaded=cmcsc10
\font\preloaded=cmssbx10
\font\preloaded=cmdunh10
\font\preloaded=cmr7 at 14.51799pt
\font\preloaded=cmtt10 at 14.4pt
\font\preloaded=cmssbx10 at 14.4pt
\font\preloaded=manfnt
50 preloaded fonts
warning  (pdf backend): no pages of output.
Transcript written on luahbtex.log.
fmtutil [INFO]: log file copied to: /home/cantez93800/.TinyTeX/texmf-var/web2c/luahbtex/luahbtex.log
fmtutil [INFO]: /home/cantez93800/.TinyTeX/texmf-var/web2c/luahbtex/luahbtex.fmt installed.
fmtutil [INFO]: --- remaking lualatex with luahbtex
fmtutil: running `luahbtex -ini   -jobname=lualatex -progname=lualatex lualatex.ini' ...
This is LuaHBTeX, Version 1.22.0 (TeX Live 2025)  (INITEX)
 restricted system commands enabled.
(/home/cantez93800/.TinyTeX/texmf-dist/tex/latex/tex-ini-files/lualatex.ini (/home/cantez93800/.TinyTeX/texmf-dist/tex/generic/tex-ini-files/luatexconfig.tex (/home/cantez93800/.TinyTeX/texmf-dist/tex/generic/tex-ini-files/pdftexconfig.tex)) (/home/cantez93800/.TinyTeX/texmf-dist/tex/latex/base/latex.ltx (/home/cantez93800/.TinyTeX/texmf-dist/tex/latex/base/texsys.cfg)
./texsys.aux found


\@currdir set to: ./.


Assuming \openin and \input 
have the same search path.


Defining UNIX/DOS style filename parser.

catcodes, registers, parameters,
LaTeX2e <2025-06-01> patch level 1
(/home/cantez93800/.TinyTeX/texmf-dist/tex/latex/l3kernel/expl3.ltx (/home/cantez93800/.TinyTeX/texmf-dist/tex/latex/l3kernel/expl3-code.tex)) hacks, document commands, templates, control, par, spacing, files, font encodings, lengths, NFSS base, NFSS axes, NFSS tracing, NFSS declarative interface, NFSS initialization,
====================================

Local config file fonttext.cfg used

====================================
(/home/cantez93800/.TinyTeX/texmf-dist/tex/latex/base/fonttext.cfg (/home/cantez93800/.TinyTeX/texmf-dist/tex/latex/base/fonttext.ltx
=== Don't modify this file, use a .cfg file instead ===

(/home/cantez93800/.TinyTeX/texmf-dist/tex/latex/base/omlenc.def) (/home/cantez93800/.TinyTeX/texmf-dist/tex/latex/base/omsenc.def) (/home/cantez93800/.TinyTeX/texmf-dist/tex/latex/base/ot1enc.def) (/home/cantez93800/.TinyTeX/texmf-dist/tex/latex/base/t1enc.def) (/home/cantez93800/.TinyTeX/texmf-dist/tex/latex/base/ts1enc.def) (/home/cantez93800/.TinyTeX/texmf-dist/tex/latex/base/tuenc.def) (/home/cantez93800/.TinyTeX/texmf-dist/tex/latex/base/tulmr.fd) (/home/cantez93800/.TinyTeX/texmf-dist/tex/latex/base/tulmss.fd) (/home/cantez93800/.TinyTeX/texmf-dist/tex/latex/base/tulmtt.fd) (/home/cantez93800/.TinyTeX/texmf-dist/tex/latex/lm/ts1lmr.fd) (/home/cantez93800/.TinyTeX/texmf-dist/tex/latex/base/t1cmr.fd) (/home/cantez93800/.TinyTeX/texmf-dist/tex/latex/base/ot1cmr.fd) (/home/cantez93800/.TinyTeX/texmf-dist/tex/latex/base/ts1cmr.fd) (/home/cantez93800/.TinyTeX/texmf-dist/tex/latex/base/t1cmss.fd) (/home/cantez93800/.TinyTeX/texmf-dist/tex/latex/base/t1cmtt.fd) (/home/cantez93800/.TinyTeX/texmf-dist/tex/latex/base/ot1cmss.fd) (/home/cantez93800/.TinyTeX/texmf-dist/tex/latex/base/ot1cmtt.fd) (/home/cantez93800/.TinyTeX/texmf-dist/tex/latex/base/ts1cmss.fd) (/home/cantez93800/.TinyTeX/texmf-dist/tex/latex/base/ts1cmtt.fd)))
====================================

Local config file fontmath.cfg used

====================================
(/home/cantez93800/.TinyTeX/texmf-dist/tex/latex/base/fontmath.cfg (/home/cantez93800/.TinyTeX/texmf-dist/tex/latex/base/fontmath.ltx
=== Don't modify this file, use a .cfg file instead ===

(/home/cantez93800/.TinyTeX/texmf-dist/tex/latex/base/omlcmm.fd) (/home/cantez93800/.TinyTeX/texmf-dist/tex/latex/base/omscmsy.fd) (/home/cantez93800/.TinyTeX/texmf-dist/tex/latex/base/omxcmex.fd) (/home/cantez93800/.TinyTeX/texmf-dist/tex/latex/base/ucmr.fd)))
====================================

Local config file preload.cfg used

=====================================
(/home/cantez93800/.TinyTeX/texmf-dist/tex/latex/base/preload.cfg (/home/cantez93800/.TinyTeX/texmf-dist/tex/latex/base/preload.ltx)) page nos., x-ref, environments, center, verbatim, math definitions, boxes, title, sectioning, contents, floats, footnotes, index, bibliography, output,  Unicode character data, (/home/cantez93800/.TinyTeX/texmf-dist/tex/generic/unicode-data/load-unicode-data.tex 
load-unicode-data.tex v1.19 (2025-09-26)
Reading Unicode data
# UnicodeData-17.0.0.txt
# Modified 2025-09-26 07:00 GMT [JAW]
)
===========================================
Local configuration file hyphen.cfg used
===========================================
(/home/cantez93800/.TinyTeX/texmf-dist/tex/generic/babel/hyphen.cfg (/home/cantez93800/.TinyTeX/texmf-dist/tex/generic/babel/luababel.def) (/home/cantez93800/.TinyTeX/texmf-dist/tex/generic/hyphen/hyphen.tex)) (/home/cantez93800/.TinyTeX/texmf-dist/tex/latex/firstaid/latex2e-first-aid-for-external-files.ltx)
))
Beginning to dump on file lualatex.fmt
 (format=lualatex 2025.9.27)
23709 strings using 414142 bytes
815589 memory locations dumped; current usage is 204&380752
22352 multiletter control sequences
\font\nullfont=nullfont
\font\OMX/cmex/m/n/10=cmex10
\font\tenln=line10
\font\tenlnw=linew10
\font\tencirc=lcircle10
\font\tencircw=lcirclew10
\font\OT1/cmr/m/n/5=cmr5
\font\OT1/cmr/m/n/7=cmr7
\font\OT1/cmr/m/n/10=cmr10
\font\OML/cmm/m/it/5=cmmi5
\font\OML/cmm/m/it/7=cmmi7
\font\OML/cmm/m/it/10=cmmi10
\font\OMS/cmsy/m/n/5=cmsy5
\font\OMS/cmsy/m/n/7=cmsy7
\font\OMS/cmsy/m/n/10=cmsy10
14 preloaded fonts
warning  (pdf backend): no pages of output.
Transcript written on lualatex.log.
fmtutil [INFO]: log file copied to: /home/cantez93800/.TinyTeX/texmf-var/web2c/luahbtex/lualatex.log
fmtutil [INFO]: /home/cantez93800/.TinyTeX/texmf-var/web2c/luahbtex/lualatex.fmt installed.
fmtutil [INFO]: successfully rebuilt formats: 2
fmtutil [INFO]: not selected formats: 12
fmtutil [INFO]: total formats: 14
fmtutil [INFO]: exiting with status 0
--end of output of fmtutil-sys --byengine luahbtex --no-error-if-no-format --no-error-if-no-engine=luametatex,luajithbtex,luajittex,mfluajit --status-file=/tmp/CjvAwh1AnJ/jUsUiCtVkQ.

[Sat Sep 27 18:40:41 2025]   OK: luahbtex.fmt/luahbtex lualatex.fmt/luahbtex
[Sat Sep 27 18:40:41 2025] running fmtutil-sys --byfmt pdflatex --no-error-if-no-engine=luametatex,luajithbtex,luajittex,mfluajit --status-file=/tmp/CjvAwh1AnJ/jUsUiCtVkQ
[Sat Sep 27 18:40:45 2025] success, output:
fmtutil: fmtutil is using the following fmtutil.cnf files (in precedence order):
fmtutil:   /home/cantez93800/.TinyTeX/texmf-dist/web2c/fmtutil.cnf
fmtutil: fmtutil is using the following fmtutil.cnf file for writing changes:
fmtutil:   /home/cantez93800/.TinyTeX/texmf-config/web2c/fmtutil.cnf
fmtutil [INFO]: writing formats under /home/cantez93800/.TinyTeX/texmf-var/web2c
fmtutil [INFO]: --- remaking pdflatex with pdftex
fmtutil: running `pdftex -ini   -jobname=pdflatex -progname=pdflatex -translate-file=cp227.tcx *pdflatex.ini' ...
This is pdfTeX, Version 3.141592653-2.6-1.40.28 (TeX Live 2025) (INITEX)
 restricted \write18 enabled.
 (/home/cantez93800/.TinyTeX/texmf-dist/web2c/cp227.tcx)
entering extended mode
(/home/cantez93800/.TinyTeX/texmf-dist/tex/latex/tex-ini-files/pdflatex.ini (/home/cantez93800/.TinyTeX/texmf-dist/tex/generic/tex-ini-files/pdftexconfig.tex) (/home/cantez93800/.TinyTeX/texmf-dist/tex/latex/base/latex.ltx (/home/cantez93800/.TinyTeX/texmf-dist/tex/latex/base/texsys.cfg)
./texsys.aux found


\@currdir set to: ./.


Assuming \openin and \input 
have the same search path.


Defining UNIX/DOS style filename parser.

catcodes, registers, parameters,
LaTeX2e <2025-06-01> patch level 1
(/home/cantez93800/.TinyTeX/texmf-dist/tex/latex/l3kernel/expl3.ltx (/home/cantez93800/.TinyTeX/texmf-dist/tex/latex/l3kernel/expl3-code.tex)) hacks, document commands, templates, control, par, spacing, files, font encodings, lengths, NFSS base, NFSS axes, NFSS tracing, NFSS declarative interface, NFSS initialization,
====================================

Local config file fonttext.cfg used

====================================
(/home/cantez93800/.TinyTeX/texmf-dist/tex/latex/base/fonttext.cfg (/home/cantez93800/.TinyTeX/texmf-dist/tex/latex/base/fonttext.ltx
=== Don't modify this file, use a .cfg file instead ===

(/home/cantez93800/.TinyTeX/texmf-dist/tex/latex/base/omlenc.def) (/home/cantez93800/.TinyTeX/texmf-dist/tex/latex/base/omsenc.def) (/home/cantez93800/.TinyTeX/texmf-dist/tex/latex/base/ot1enc.def) (/home/cantez93800/.TinyTeX/texmf-dist/tex/latex/base/t1enc.def) (/home/cantez93800/.TinyTeX/texmf-dist/tex/latex/base/ts1enc.def) (/home/cantez93800/.TinyTeX/texmf-dist/tex/latex/base/ts1cmr.fd) (/home/cantez93800/.TinyTeX/texmf-dist/tex/latex/base/t1cmr.fd) (/home/cantez93800/.TinyTeX/texmf-dist/tex/latex/base/ot1cmr.fd) (/home/cantez93800/.TinyTeX/texmf-dist/tex/latex/base/ts1cmr.fd) (/home/cantez93800/.TinyTeX/texmf-dist/tex/latex/base/t1cmss.fd) (/home/cantez93800/.TinyTeX/texmf-dist/tex/latex/base/t1cmtt.fd) (/home/cantez93800/.TinyTeX/texmf-dist/tex/latex/base/ot1cmss.fd) (/home/cantez93800/.TinyTeX/texmf-dist/tex/latex/base/ot1cmtt.fd) (/home/cantez93800/.TinyTeX/texmf-dist/tex/latex/base/ts1cmss.fd) (/home/cantez93800/.TinyTeX/texmf-dist/tex/latex/base/ts1cmtt.fd)))
====================================

Local config file fontmath.cfg used

====================================
(/home/cantez93800/.TinyTeX/texmf-dist/tex/latex/base/fontmath.cfg (/home/cantez93800/.TinyTeX/texmf-dist/tex/latex/base/fontmath.ltx
=== Don't modify this file, use a .cfg file instead ===

(/home/cantez93800/.TinyTeX/texmf-dist/tex/latex/base/omlcmm.fd) (/home/cantez93800/.TinyTeX/texmf-dist/tex/latex/base/omscmsy.fd) (/home/cantez93800/.TinyTeX/texmf-dist/tex/latex/base/omxcmex.fd) (/home/cantez93800/.TinyTeX/texmf-dist/tex/latex/base/ucmr.fd)))
====================================

Local config file preload.cfg used

=====================================
(/home/cantez93800/.TinyTeX/texmf-dist/tex/latex/base/preload.cfg (/home/cantez93800/.TinyTeX/texmf-dist/tex/latex/base/preload.ltx)) page nos., x-ref, environments, center, verbatim, math definitions, boxes, title, sectioning, contents, floats, footnotes, index, bibliography, output,
===========================================
Local configuration file hyphen.cfg used
===========================================
(/home/cantez93800/.TinyTeX/texmf-dist/tex/generic/babel/hyphen.cfg (/home/cantez93800/.TinyTeX/texmf-dist/tex/generic/hyphen/hyphen.tex) (/home/cantez93800/.TinyTeX/texmf-dist/tex/generic/hyphen/dumyhyph.tex) (/home/cantez93800/.TinyTeX/texmf-dist/tex/generic/hyphen/zerohyph.tex)) (/home/cantez93800/.TinyTeX/texmf-dist/tex/generic/pdftex/glyphtounicode.tex) (/home/cantez93800/.TinyTeX/texmf-dist/tex/latex/base/utf8.def (/home/cantez93800/.TinyTeX/texmf-dist/tex/latex/base/omsenc.dfu) (/home/cantez93800/.TinyTeX/texmf-dist/tex/latex/base/ot1enc.dfu) (/home/cantez93800/.TinyTeX/texmf-dist/tex/latex/base/t1enc.dfu) (/home/cantez93800/.TinyTeX/texmf-dist/tex/latex/base/ts1enc.dfu)) (/home/cantez93800/.TinyTeX/texmf-dist/tex/latex/firstaid/latex2e-first-aid-for-external-files.ltx)
 ) )
Beginning to dump on file pdflatex.fmt
 (preloaded format=pdflatex 2025.9.27)
30271 strings of total length 773232
432915 memory locations dumped; current usage is 240&388084
28543 multiletter control sequences
\font\nullfont=nullfont
\font\c__fp_exp_intarray=cmr10 at 0.00002pt
\font\c__fp_trig_intarray=cmr10 at 0.00003pt
\font\c_initex_cctab=cmr10 at 0.00005pt
\font\c_other_cctab=cmr10 at 0.00006pt
\font\c_str_cctab=cmr10 at 0.00008pt
\font\g_tmpa_cctab=cmr10 at 0.00009pt
\font\g_tmpb_cctab=cmr10 at 0.0001pt
\font\g__regex_state_active_intarray=cmr10 at 0.00012pt
\font\g__regex_thread_info_intarray=cmr10 at 0.00014pt
\font\g__regex_submatch_prev_intarray=cmr10 at 0.00015pt
\font\g__regex_submatch_begin_intarray=cmr10 at 0.00017pt
\font\g__regex_submatch_end_intarray=cmr10 at 0.00018pt
\font\g__regex_submatch_case_intarray=cmr10 at 0.0002pt
\font\g__regex_balance_intarray=cmr10 at 0.00021pt
\font\g__codepoint_category_index_intarray=cmr10 at 0.00023pt
\font\g__codepoint_grapheme_index_intarray=cmr10 at 0.00024pt
\font\g__codepoint_lowercase_index_intarray=cmr10 at 0.00026pt
\font\g__codepoint_uppercase_index_intarray=cmr10 at 0.00027pt
\font\g__codepoint_wordbreak_index_intarray=cmr10 at 0.00029pt
\font\g__codepoint_category_blocks_intarray=cmr10 at 0.0003pt
\font\g__codepoint_grapheme_blocks_intarray=cmr10 at 0.00032pt
\font\g__codepoint_lowercase_blocks_intarray=cmr10 at 0.00034pt
\font\g__codepoint_uppercase_blocks_intarray=cmr10 at 0.00035pt
\font\g__codepoint_wordbreak_blocks_intarray=cmr10 at 0.00037pt
\font\OMX/cmex/m/n/10=cmex10
\font\tenln=line10
\font\tenlnw=linew10
\font\tencirc=lcircle10
\font\tencircw=lcirclew10
\font\OT1/cmr/m/n/5=cmr5
\font\OT1/cmr/m/n/7=cmr7
\font\OT1/cmr/m/n/10=cmr10
\font\OML/cmm/m/it/5=cmmi5
\font\OML/cmm/m/it/7=cmmi7
\font\OML/cmm/m/it/10=cmmi10
\font\OMS/cmsy/m/n/5=cmsy5
\font\OMS/cmsy/m/n/7=cmsy7
\font\OMS/cmsy/m/n/10=cmsy10
\font\c_code_cctab=cmr10 at 0.00038pt
\font\c_document_cctab=cmr10 at 0.0004pt
627714 words of font info for 40 preloaded fonts
14 hyphenation exceptions
Hyphenation trie of length 6081 has 183 ops out of 35111
  2 for language 1
  181 for language 0
0 words of pdfTeX memory
0 indirect objects
No pages of output.
Transcript written on pdflatex.log.
fmtutil [INFO]: log file copied to: /home/cantez93800/.TinyTeX/texmf-var/web2c/pdftex/pdflatex.log
fmtutil [INFO]: /home/cantez93800/.TinyTeX/texmf-var/web2c/pdftex/pdflatex.fmt installed.
fmtutil [INFO]: successfully rebuilt formats: 1
fmtutil [INFO]: not selected formats: 13
fmtutil [INFO]: total formats: 14
fmtutil [INFO]: exiting with status 0
--end of output of fmtutil-sys --byfmt pdflatex --no-error-if-no-engine=luametatex,luajithbtex,luajittex,mfluajit --status-file=/tmp/CjvAwh1AnJ/jUsUiCtVkQ.

[Sat Sep 27 18:40:45 2025]   OK: pdflatex.fmt/pdftex
[Sat Sep 27 18:40:45 2025] running fmtutil-sys --byfmt latex --no-error-if-no-engine=luametatex,luajithbtex,luajittex,mfluajit --status-file=/tmp/CjvAwh1AnJ/jUsUiCtVkQ
[Sat Sep 27 18:40:49 2025] success, output:
fmtutil: fmtutil is using the following fmtutil.cnf files (in precedence order):
fmtutil:   /home/cantez93800/.TinyTeX/texmf-dist/web2c/fmtutil.cnf
fmtutil: fmtutil is using the following fmtutil.cnf file for writing changes:
fmtutil:   /home/cantez93800/.TinyTeX/texmf-config/web2c/fmtutil.cnf
fmtutil [INFO]: writing formats under /home/cantez93800/.TinyTeX/texmf-var/web2c
fmtutil [INFO]: --- remaking latex with pdftex
fmtutil: running `pdftex -ini   -jobname=latex -progname=latex -translate-file=cp227.tcx *latex.ini' ...
This is pdfTeX, Version 3.141592653-2.6-1.40.28 (TeX Live 2025) (INITEX)
 restricted \write18 enabled.
 (/home/cantez93800/.TinyTeX/texmf-dist/web2c/cp227.tcx)
entering extended mode
(/home/cantez93800/.TinyTeX/texmf-dist/tex/latex/tex-ini-files/latex.ini (/home/cantez93800/.TinyTeX/texmf-dist/tex/generic/tex-ini-files/pdftexconfig.tex)
(/home/cantez93800/.TinyTeX/texmf-dist/tex/latex/base/latex.ltx (/home/cantez93800/.TinyTeX/texmf-dist/tex/latex/base/texsys.cfg)
./texsys.aux found


\@currdir set to: ./.


Assuming \openin and \input 
have the same search path.


Defining UNIX/DOS style filename parser.

catcodes, registers, parameters,
LaTeX2e <2025-06-01> patch level 1
(/home/cantez93800/.TinyTeX/texmf-dist/tex/latex/l3kernel/expl3.ltx (/home/cantez93800/.TinyTeX/texmf-dist/tex/latex/l3kernel/expl3-code.tex)) hacks, document commands, templates, control, par, spacing, files, font encodings, lengths, NFSS base, NFSS axes, NFSS tracing, NFSS declarative interface, NFSS initialization,
====================================

Local config file fonttext.cfg used

====================================
(/home/cantez93800/.TinyTeX/texmf-dist/tex/latex/base/fonttext.cfg (/home/cantez93800/.TinyTeX/texmf-dist/tex/latex/base/fonttext.ltx
=== Don't modify this file, use a .cfg file instead ===

(/home/cantez93800/.TinyTeX/texmf-dist/tex/latex/base/omlenc.def) (/home/cantez93800/.TinyTeX/texmf-dist/tex/latex/base/omsenc.def) (/home/cantez93800/.TinyTeX/texmf-dist/tex/latex/base/ot1enc.def) (/home/cantez93800/.TinyTeX/texmf-dist/tex/latex/base/t1enc.def) (/home/cantez93800/.TinyTeX/texmf-dist/tex/latex/base/ts1enc.def) (/home/cantez93800/.TinyTeX/texmf-dist/tex/latex/base/ts1cmr.fd) (/home/cantez93800/.TinyTeX/texmf-dist/tex/latex/base/t1cmr.fd) (/home/cantez93800/.TinyTeX/texmf-dist/tex/latex/base/ot1cmr.fd) (/home/cantez93800/.TinyTeX/texmf-dist/tex/latex/base/ts1cmr.fd) (/home/cantez93800/.TinyTeX/texmf-dist/tex/latex/base/t1cmss.fd) (/home/cantez93800/.TinyTeX/texmf-dist/tex/latex/base/t1cmtt.fd) (/home/cantez93800/.TinyTeX/texmf-dist/tex/latex/base/ot1cmss.fd) (/home/cantez93800/.TinyTeX/texmf-dist/tex/latex/base/ot1cmtt.fd) (/home/cantez93800/.TinyTeX/texmf-dist/tex/latex/base/ts1cmss.fd) (/home/cantez93800/.TinyTeX/texmf-dist/tex/latex/base/ts1cmtt.fd)))
====================================

Local config file fontmath.cfg used

====================================
(/home/cantez93800/.TinyTeX/texmf-dist/tex/latex/base/fontmath.cfg (/home/cantez93800/.TinyTeX/texmf-dist/tex/latex/base/fontmath.ltx
=== Don't modify this file, use a .cfg file instead ===

(/home/cantez93800/.TinyTeX/texmf-dist/tex/latex/base/omlcmm.fd) (/home/cantez93800/.TinyTeX/texmf-dist/tex/latex/base/omscmsy.fd) (/home/cantez93800/.TinyTeX/texmf-dist/tex/latex/base/omxcmex.fd) (/home/cantez93800/.TinyTeX/texmf-dist/tex/latex/base/ucmr.fd)))
====================================

Local config file preload.cfg used

=====================================
(/home/cantez93800/.TinyTeX/texmf-dist/tex/latex/base/preload.cfg (/home/cantez93800/.TinyTeX/texmf-dist/tex/latex/base/preload.ltx)) page nos., x-ref, environments, center, verbatim, math definitions, boxes, title, sectioning, contents, floats, footnotes, index, bibliography, output,
===========================================
Local configuration file hyphen.cfg used
===========================================
(/home/cantez93800/.TinyTeX/texmf-dist/tex/generic/babel/hyphen.cfg (/home/cantez93800/.TinyTeX/texmf-dist/tex/generic/hyphen/hyphen.tex) (/home/cantez93800/.TinyTeX/texmf-dist/tex/generic/hyphen/dumyhyph.tex) (/home/cantez93800/.TinyTeX/texmf-dist/tex/generic/hyphen/zerohyph.tex)) (/home/cantez93800/.TinyTeX/texmf-dist/tex/generic/pdftex/glyphtounicode.tex) (/home/cantez93800/.TinyTeX/texmf-dist/tex/latex/base/utf8.def (/home/cantez93800/.TinyTeX/texmf-dist/tex/latex/base/omsenc.dfu) (/home/cantez93800/.TinyTeX/texmf-dist/tex/latex/base/ot1enc.dfu) (/home/cantez93800/.TinyTeX/texmf-dist/tex/latex/base/t1enc.dfu) (/home/cantez93800/.TinyTeX/texmf-dist/tex/latex/base/ts1enc.dfu)) (/home/cantez93800/.TinyTeX/texmf-dist/tex/latex/firstaid/latex2e-first-aid-for-external-files.ltx)
 ) )
Beginning to dump on file latex.fmt
 (preloaded format=latex 2025.9.27)
30270 strings of total length 773206
432912 memory locations dumped; current usage is 240&388078
28543 multiletter control sequences
\font\nullfont=nullfont
\font\c__fp_exp_intarray=cmr10 at 0.00002pt
\font\c__fp_trig_intarray=cmr10 at 0.00003pt
\font\c_initex_cctab=cmr10 at 0.00005pt
\font\c_other_cctab=cmr10 at 0.00006pt
\font\c_str_cctab=cmr10 at 0.00008pt
\font\g_tmpa_cctab=cmr10 at 0.00009pt
\font\g_tmpb_cctab=cmr10 at 0.0001pt
\font\g__regex_state_active_intarray=cmr10 at 0.00012pt
\font\g__regex_thread_info_intarray=cmr10 at 0.00014pt
\font\g__regex_submatch_prev_intarray=cmr10 at 0.00015pt
\font\g__regex_submatch_begin_intarray=cmr10 at 0.00017pt
\font\g__regex_submatch_end_intarray=cmr10 at 0.00018pt
\font\g__regex_submatch_case_intarray=cmr10 at 0.0002pt
\font\g__regex_balance_intarray=cmr10 at 0.00021pt
\font\g__codepoint_category_index_intarray=cmr10 at 0.00023pt
\font\g__codepoint_grapheme_index_intarray=cmr10 at 0.00024pt
\font\g__codepoint_lowercase_index_intarray=cmr10 at 0.00026pt
\font\g__codepoint_uppercase_index_intarray=cmr10 at 0.00027pt
\font\g__codepoint_wordbreak_index_intarray=cmr10 at 0.00029pt
\font\g__codepoint_category_blocks_intarray=cmr10 at 0.0003pt
\font\g__codepoint_grapheme_blocks_intarray=cmr10 at 0.00032pt
\font\g__codepoint_lowercase_blocks_intarray=cmr10 at 0.00034pt
\font\g__codepoint_uppercase_blocks_intarray=cmr10 at 0.00035pt
\font\g__codepoint_wordbreak_blocks_intarray=cmr10 at 0.00037pt
\font\OMX/cmex/m/n/10=cmex10
\font\tenln=line10
\font\tenlnw=linew10
\font\tencirc=lcircle10
\font\tencircw=lcirclew10
\font\OT1/cmr/m/n/5=cmr5
\font\OT1/cmr/m/n/7=cmr7
\font\OT1/cmr/m/n/10=cmr10
\font\OML/cmm/m/it/5=cmmi5
\font\OML/cmm/m/it/7=cmmi7
\font\OML/cmm/m/it/10=cmmi10
\font\OMS/cmsy/m/n/5=cmsy5
\font\OMS/cmsy/m/n/7=cmsy7
\font\OMS/cmsy/m/n/10=cmsy10
\font\c_code_cctab=cmr10 at 0.00038pt
\font\c_document_cctab=cmr10 at 0.0004pt
627714 words of font info for 40 preloaded fonts
14 hyphenation exceptions
Hyphenation trie of length 6081 has 183 ops out of 35111
  2 for language 1
  181 for language 0
0 words of pdfTeX memory
0 indirect objects
No pages of output.
Transcript written on latex.log.
fmtutil [INFO]: log file copied to: /home/cantez93800/.TinyTeX/texmf-var/web2c/pdftex/latex.log
fmtutil [INFO]: /home/cantez93800/.TinyTeX/texmf-var/web2c/pdftex/latex.fmt installed.
fmtutil [INFO]: successfully rebuilt formats: 1
fmtutil [INFO]: not selected formats: 13
fmtutil [INFO]: total formats: 14
fmtutil [INFO]: exiting with status 0
--end of output of fmtutil-sys --byfmt latex --no-error-if-no-engine=luametatex,luajithbtex,luajittex,mfluajit --status-file=/tmp/CjvAwh1AnJ/jUsUiCtVkQ.

[Sat Sep 27 18:40:49 2025]   OK: latex.fmt/pdftex
